0 info it worked if it ends with ok
1 verbose cli [ 'C:\\Program Files\\nodejs\\\\node.exe',
1 verbose cli   'C:\\Program Files\\nodejs\\node_modules\\npm\\bin\\npm-cli.js',
1 verbose cli   'run',
1 verbose cli   'watch' ]
2 info using npm@1.3.21
3 info using node@v0.10.24
4 verbose node symlink C:\Program Files\nodejs\\node.exe
5 verbose run-script [ 'prewatch', 'watch', 'postwatch' ]
6 info prewatch EdgeServer@0.0.0
7 info watch EdgeServer@0.0.0
8 verbose unsafe-perm in lifecycle true
9 info EdgeServer@0.0.0 Failed to exec watch script
10 error EdgeServer@0.0.0 watch: `watchify public/javascripts/client/main.js > public/javascripts/clientbundle.js`
10 error Exit status 1
11 error Failed at the EdgeServer@0.0.0 watch script.
11 error This is most likely a problem with the EdgeServer package,
11 error not with npm itself.
11 error Tell the author that this fails on your system:
11 error     watchify public/javascripts/client/main.js > public/javascripts/clientbundle.js
11 error You can get their info via:
11 error     npm owner ls EdgeServer
11 error There is likely additional logging output above.
12 error System Windows_NT 6.2.9200
13 error command "C:\\Program Files\\nodejs\\\\node.exe" "C:\\Program Files\\nodejs\\node_modules\\npm\\bin\\npm-cli.js" "run" "watch"
14 error cwd E:\GServer\FrontEnd\EdgeServer
15 error node -v v0.10.24
16 error npm -v 1.3.21
17 error code ELIFECYCLE
18 verbose exit [ 1, true ]
